{"F:\\devops\\itm350-myrrh-test\\src\\api.js": {"path":"F:\\devops\\itm350-myrrh-test\\src\\api.js","statementMap":{"0":{"start":{"line":3,"column":21},"end":{"line":3,"column":74}},"1":{"start":{"line":4,"column":4},"end":{"line":4,"column":27}},"2":{"start":{"line":6,"column":2},"end":{"line":6,"column":33}}},"fnMap":{"0":{"name":"fetchUserData","decl":{"start":{"line":2,"column":15},"end":{"line":2,"column":28}},"loc":{"start":{"line":2,"column":37},"end":{"line":5,"column":3}},"line":2}},"branchMap":{},"s":{"0":1,"1":1,"2":1},"f":{"0":1},"b":{},"_coverageSchema":"1a1c01bbd47fc00a2c39e90264f33305004495a9","hash":"dbab71212eb6dbb0a2f3b45b7704c7880d426ab8"}
,"F:\\devops\\itm350-myrrh-test\\src\\auth.js": {"path":"F:\\devops\\itm350-myrrh-test\\src\\auth.js","statementMap":{"0":{"start":{"line":3,"column":4},"end":{"line":3,"column":25}},"1":{"start":{"line":5,"column":2},"end":{"line":5,"column":35}}},"fnMap":{"0":{"name":"isAuthenticated","decl":{"start":{"line":2,"column":9},"end":{"line":2,"column":24}},"loc":{"start":{"line":2,"column":31},"end":{"line":4,"column":3}},"line":2}},"branchMap":{},"s":{"0":2,"1":1},"f":{"0":2},"b":{},"_coverageSchema":"1a1c01bbd47fc00a2c39e90264f33305004495a9","hash":"693d80e0dca0bb375f53afb756a6e0f7b9ae4b00"}
,"F:\\devops\\itm350-myrrh-test\\src\\heavyComputation.js": {"path":"F:\\devops\\itm350-myrrh-test\\src\\heavyComputation.js","statementMap":{"0":{"start":{"line":3,"column":17},"end":{"line":3,"column":18}},"1":{"start":{"line":4,"column":4},"end":{"line":6,"column":5}},"2":{"start":{"line":4,"column":17},"end":{"line":4,"column":18}},"3":{"start":{"line":5,"column":6},"end":{"line":5,"column":18}},"4":{"start":{"line":7,"column":4},"end":{"line":7,"column":18}},"5":{"start":{"line":9,"column":2},"end":{"line":9,"column":36}}},"fnMap":{"0":{"name":"heavyComputation","decl":{"start":{"line":2,"column":9},"end":{"line":2,"column":25}},"loc":{"start":{"line":2,"column":31},"end":{"line":8,"column":3}},"line":2}},"branchMap":{},"s":{"0":1,"1":1,"2":1,"3":1000000,"4":1,"5":1},"f":{"0":1},"b":{},"_coverageSchema":"1a1c01bbd47fc00a2c39e90264f33305004495a9","hash":"b7a437ba3f0dba3f16bfb731a706f05381862bf3"}
,"F:\\devops\\itm350-myrrh-test\\src\\math.js": {"path":"F:\\devops\\itm350-myrrh-test\\src\\math.js","statementMap":{"0":{"start":{"line":3,"column":4},"end":{"line":3,"column":17}},"1":{"start":{"line":5,"column":2},"end":{"line":5,"column":28}}},"fnMap":{"0":{"name":"multiply","decl":{"start":{"line":2,"column":9},"end":{"line":2,"column":17}},"loc":{"start":{"line":2,"column":24},"end":{"line":4,"column":3}},"line":2}},"branchMap":{},"s":{"0":4,"1":1},"f":{"0":4},"b":{},"_coverageSchema":"1a1c01bbd47fc00a2c39e90264f33305004495a9","hash":"2fb4e662858a57c9c99465dff4eaef7d428642ab"}
,"F:\\devops\\itm350-myrrh-test\\src\\order.js": {"path":"F:\\devops\\itm350-myrrh-test\\src\\order.js","statementMap":{"0":{"start":{"line":3,"column":4},"end":{"line":9,"column":5}},"1":{"start":{"line":4,"column":6},"end":{"line":4,"column":31}},"2":{"start":{"line":5,"column":11},"end":{"line":9,"column":5}},"3":{"start":{"line":6,"column":6},"end":{"line":6,"column":39}},"4":{"start":{"line":8,"column":6},"end":{"line":8,"column":32}},"5":{"start":{"line":11,"column":0},"end":{"line":11,"column":30}}},"fnMap":{"0":{"name":"processOrder","decl":{"start":{"line":2,"column":9},"end":{"line":2,"column":21}},"loc":{"start":{"line":2,"column":29},"end":{"line":10,"column":1}},"line":2}},"branchMap":{"0":{"loc":{"start":{"line":3,"column":4},"end":{"line":9,"column":5}},"type":"if","locations":[{"start":{"line":3,"column":4},"end":{"line":9,"column":5}},{"start":{"line":5,"column":11},"end":{"line":9,"column":5}}],"line":3},"1":{"loc":{"start":{"line":3,"column":8},"end":{"line":3,"column":39}},"type":"binary-expr","locations":[{"start":{"line":3,"column":8},"end":{"line":3,"column":20}},{"start":{"line":3,"column":24},"end":{"line":3,"column":39}}],"line":3},"2":{"loc":{"start":{"line":5,"column":11},"end":{"line":9,"column":5}},"type":"if","locations":[{"start":{"line":5,"column":11},"end":{"line":9,"column":5}},{"start":{"line":7,"column":11},"end":{"line":9,"column":5}}],"line":5}},"s":{"0":3,"1":1,"2":2,"3":1,"4":1,"5":1},"f":{"0":3},"b":{"0":[1,2],"1":[3,2],"2":[1,1]},"_coverageSchema":"1a1c01bbd47fc00a2c39e90264f33305004495a9","hash":"c6040650dff4d5e1b7fb66d461c03055b173a7f9"}
,"F:\\devops\\itm350-myrrh-test\\src\\stress.js": {"path":"F:\\devops\\itm350-myrrh-test\\src\\stress.js","statementMap":{"0":{"start":{"line":3,"column":14},"end":{"line":3,"column":15}},"1":{"start":{"line":4,"column":4},"end":{"line":6,"column":5}},"2":{"start":{"line":4,"column":17},"end":{"line":4,"column":18}},"3":{"start":{"line":5,"column":6},"end":{"line":5,"column":15}},"4":{"start":{"line":7,"column":4},"end":{"line":7,"column":15}},"5":{"start":{"line":9,"column":2},"end":{"line":9,"column":41}}},"fnMap":{"0":{"name":"performHeavyOperation","decl":{"start":{"line":2,"column":9},"end":{"line":2,"column":30}},"loc":{"start":{"line":2,"column":38},"end":{"line":8,"column":3}},"line":2}},"branchMap":{},"s":{"0":1,"1":1,"2":1,"3":1000000,"4":1,"5":1},"f":{"0":1},"b":{},"_coverageSchema":"1a1c01bbd47fc00a2c39e90264f33305004495a9","hash":"e40805367958a38ed185a0315dad1f0bdd056124"}
,"F:\\devops\\itm350-myrrh-test\\src\\sum.js": {"path":"F:\\devops\\itm350-myrrh-test\\src\\sum.js","statementMap":{"0":{"start":{"line":3,"column":4},"end":{"line":3,"column":17}},"1":{"start":{"line":5,"column":2},"end":{"line":5,"column":23}}},"fnMap":{"0":{"name":"sum","decl":{"start":{"line":2,"column":9},"end":{"line":2,"column":12}},"loc":{"start":{"line":2,"column":19},"end":{"line":4,"column":3}},"line":2}},"branchMap":{},"s":{"0":1,"1":1},"f":{"0":1},"b":{},"_coverageSchema":"1a1c01bbd47fc00a2c39e90264f33305004495a9","hash":"7ed5f221221aadd19172f7182d6a0dc37af538e3"}
,"F:\\devops\\itm350-myrrh-test\\src\\thread.js": {"path":"F:\\devops\\itm350-myrrh-test\\src\\thread.js","statementMap":{"0":{"start":{"line":3,"column":20},"end":{"line":3,"column":64}},"1":{"start":{"line":3,"column":56},"end":{"line":3,"column":62}},"2":{"start":{"line":4,"column":4},"end":{"line":4,"column":19}},"3":{"start":{"line":6,"column":2},"end":{"line":6,"column":37}}},"fnMap":{"0":{"name":"performAsyncTasks","decl":{"start":{"line":2,"column":15},"end":{"line":2,"column":32}},"loc":{"start":{"line":2,"column":40},"end":{"line":5,"column":3}},"line":2},"1":{"name":"(anonymous_1)","decl":{"start":{"line":3,"column":48},"end":{"line":3,"column":49}},"loc":{"start":{"line":3,"column":56},"end":{"line":3,"column":62}},"line":3}},"branchMap":{},"s":{"0":1,"1":2,"2":1,"3":1},"f":{"0":1,"1":2},"b":{},"_coverageSchema":"1a1c01bbd47fc00a2c39e90264f33305004495a9","hash":"25a37f55a536f07d0d3414fdceb3ae524339fc8d"}
,"F:\\devops\\itm350-myrrh-test\\src\\todo.js": {"path":"F:\\devops\\itm350-myrrh-test\\src\\todo.js","statementMap":{"0":{"start":{"line":3,"column":4},"end":{"line":3,"column":21}},"1":{"start":{"line":4,"column":4},"end":{"line":4,"column":17}},"2":{"start":{"line":7,"column":4},"end":{"line":7,"column":41}},"3":{"start":{"line":7,"column":29},"end":{"line":7,"column":39}},"4":{"start":{"line":9,"column":2},"end":{"line":9,"column":43}}},"fnMap":{"0":{"name":"addTask","decl":{"start":{"line":2,"column":9},"end":{"line":2,"column":16}},"loc":{"start":{"line":2,"column":30},"end":{"line":5,"column":3}},"line":2},"1":{"name":"removeTask","decl":{"start":{"line":6,"column":11},"end":{"line":6,"column":21}},"loc":{"start":{"line":6,"column":35},"end":{"line":8,"column":3}},"line":6},"2":{"name":"(anonymous_2)","decl":{"start":{"line":7,"column":24},"end":{"line":7,"column":25}},"loc":{"start":{"line":7,"column":29},"end":{"line":7,"column":39}},"line":7}},"branchMap":{},"s":{"0":1,"1":1,"2":1,"3":2,"4":1},"f":{"0":1,"1":1,"2":2},"b":{},"_coverageSchema":"1a1c01bbd47fc00a2c39e90264f33305004495a9","hash":"d13a93c6697b6a4dd3f8969494ce4caa3a7a4bde"}
}
