TN:
SF:src\api.js
FN:2,fetchUserData
FNF:1
FNH:1
FNDA:1,fetchUserData
DA:3,1
DA:4,1
DA:6,1
LF:3
LH:3
BRF:0
BRH:0
end_of_record
TN:
SF:src\auth.js
FN:2,isAuthenticated
FNF:1
FNH:1
FNDA:2,isAuthenticated
DA:3,2
DA:5,1
LF:2
LH:2
BRF:0
BRH:0
end_of_record
TN:
SF:src\heavyComputation.js
FN:2,heavyComputation
FNF:1
FNH:1
FNDA:1,heavyComputation
DA:3,1
DA:4,1
DA:5,1000000
DA:7,1
DA:9,1
LF:5
LH:5
BRF:0
BRH:0
end_of_record
TN:
SF:src\math.js
FN:2,multiply
FNF:1
FNH:1
FNDA:4,multiply
DA:3,4
DA:5,1
LF:2
LH:2
BRF:0
BRH:0
end_of_record
TN:
SF:src\order.js
FN:2,processOrder
FNF:1
FNH:1
FNDA:3,processOrder
DA:3,3
DA:4,1
DA:5,2
DA:6,1
DA:8,1
DA:11,1
LF:6
LH:6
BRDA:3,0,0,1
BRDA:3,0,1,2
BRDA:3,1,0,3
BRDA:3,1,1,2
BRDA:5,2,0,1
BRDA:5,2,1,1
BRF:6
BRH:6
end_of_record
TN:
SF:src\stress.js
FN:2,performHeavyOperation
FNF:1
FNH:1
FNDA:1,performHeavyOperation
DA:3,1
DA:4,1
DA:5,1000000
DA:7,1
DA:9,1
LF:5
LH:5
BRF:0
BRH:0
end_of_record
TN:
SF:src\sum.js
FN:2,sum
FNF:1
FNH:1
FNDA:1,sum
DA:3,1
DA:5,1
LF:2
LH:2
BRF:0
BRH:0
end_of_record
TN:
SF:src\thread.js
FN:2,performAsyncTasks
FN:3,(anonymous_1)
FNF:2
FNH:2
FNDA:1,performAsyncTasks
FNDA:2,(anonymous_1)
DA:3,2
DA:4,1
DA:6,1
LF:3
LH:3
BRF:0
BRH:0
end_of_record
TN:
SF:src\todo.js
FN:2,addTask
FN:6,removeTask
FN:7,(anonymous_2)
FNF:3
FNH:3
FNDA:1,addTask
FNDA:1,removeTask
FNDA:2,(anonymous_2)
DA:3,1
DA:4,1
DA:7,2
DA:9,1
LF:4
LH:4
BRF:0
BRH:0
end_of_record
